<?xml version="1.0" encoding="UTF-8"?>
<testng-results ignored="0" total="1" passed="1" failed="0" skipped="0">
  <reporter-output>
  </reporter-output>
  <suite started-at="2023-01-27T09:58:43 IST" name="Default suite" finished-at="2023-01-27T09:58:49 IST" duration-ms="6498">
    <groups>
    </groups>
    <test started-at="2023-01-27T09:58:43 IST" name="Default test" finished-at="2023-01-27T09:58:49 IST" duration-ms="6498">
      <class name="apidemopack.RestfulBooker_TestNG">
        <test-method is-config="true" signature="beforeTest()[pri:0, instance:apidemopack.RestfulBooker_TestNG@6cd28fa7]" started-at="2023-01-27T09:58:43 IST" name="beforeTest" finished-at="2023-01-27T09:58:48 IST" duration-ms="5783" status="PASS">
          <reporter-output>
          </reporter-output>
        </test-method> <!-- beforeTest -->
        <test-method signature="CreateBooking()[pri:0, instance:apidemopack.RestfulBooker_TestNG@6cd28fa7]" started-at="2023-01-27T09:58:49 IST" name="CreateBooking" finished-at="2023-01-27T09:58:49 IST" duration-ms="626" status="PASS">
          <reporter-output>
          </reporter-output>
        </test-method> <!-- CreateBooking -->
      </class> <!-- apidemopack.RestfulBooker_TestNG -->
    </test> <!-- Default test -->
  </suite> <!-- Default suite -->
</testng-results>
